<?xml version="1.0" encoding="UTF-8"?>
<!-- Generated by org.testng.reporters.JUnitReportReporter -->
<testsuite hostname="DESKTOP-KANAK" failures="0" tests="1" name="cucumberOptions.TestRunner" time="20.381" errors="0" timestamp="2021-02-23T12:29:28 IST" skipped="0">
  <testcase classname="cucumberOptions.TestRunner" name="feature" time="20.381"/>
  <system-out/>
</testsuite> <!-- cucumberOptions.TestRunner -->
