<?xml version="1.0" encoding="UTF-8"?>
<!-- Generated by org.testng.reporters.JUnitReportReporter -->
<testsuite hostname="DESKTOP-KANAK" failures="0" tests="1" name="stepDefinations.DataProvider" time="0.007" errors="0" timestamp="2021-02-23T12:12:08 IST" skipped="0">
  <testcase classname="stepDefinations.DataProvider" name="Data" time="0.007"/>
  <system-out/>
</testsuite> <!-- stepDefinations.DataProvider -->
