<?xml version="1.0" encoding="UTF-8"?>
<!-- Generated by org.testng.reporters.JUnitReportReporter -->
<testsuite skipped="0" hostname="DESKTOP-KANAK" name="cucumberOptions.TestRunner" tests="1" failures="0" timestamp="23 Feb 2021 07:13:37 GMT" time="21.951" errors="0">
  <testcase name="feature" time="21.951" classname="cucumberOptions.TestRunner"/>
</testsuite> <!-- cucumberOptions.TestRunner -->
